16-Aug-2019 09:29:24.205 INFO [main] org.apache.catalina.startup.VersionLoggerListener.log Server version:        Apache Tomcat/8.5.40
16-Aug-2019 09:29:24.222 INFO [main] org.apache.catalina.startup.VersionLoggerListener.log Server built:          Apr 10 2019 14:31:19 UTC
16-Aug-2019 09:29:24.222 INFO [main] org.apache.catalina.startup.VersionLoggerListener.log Server number:         8.5.40.0
16-Aug-2019 09:29:24.223 INFO [main] org.apache.catalina.startup.VersionLoggerListener.log OS Name:               Linux
16-Aug-2019 09:29:24.223 INFO [main] org.apache.catalina.startup.VersionLoggerListener.log OS Version:            4.15.0-55-generic
16-Aug-2019 09:29:24.223 INFO [main] org.apache.catalina.startup.VersionLoggerListener.log Architecture:          amd64
16-Aug-2019 09:29:24.225 INFO [main] org.apache.catalina.startup.VersionLoggerListener.log Java Home:             /opt/java/openjdk/jre
16-Aug-2019 09:29:24.226 INFO [main] org.apache.catalina.startup.VersionLoggerListener.log JVM Version:           1.8.0_192-b12
16-Aug-2019 09:29:24.226 INFO [main] org.apache.catalina.startup.VersionLoggerListener.log JVM Vendor:            Oracle Corporation
16-Aug-2019 09:29:24.237 INFO [main] org.apache.catalina.startup.VersionLoggerListener.log CATALINA_BASE:         /opt/teamcity
16-Aug-2019 09:29:24.237 INFO [main] org.apache.catalina.startup.VersionLoggerListener.log CATALINA_HOME:         /opt/teamcity
16-Aug-2019 09:29:24.238 INFO [main] org.apache.catalina.startup.VersionLoggerListener.log Command line argument: -XX:+UnlockExperimentalVMOptions
16-Aug-2019 09:29:24.239 INFO [main] org.apache.catalina.startup.VersionLoggerListener.log Command line argument: -XX:+UseCGroupMemoryLimitForHeap
16-Aug-2019 09:29:24.240 INFO [main] org.apache.catalina.startup.VersionLoggerListener.log Command line argument: -Djava.util.logging.config.file=/opt/teamcity/conf/logging.properties
16-Aug-2019 09:29:24.240 INFO [main] org.apache.catalina.startup.VersionLoggerListener.log Command line argument: -Djava.util.logging.manager=org.apache.juli.ClassLoaderLogManager
16-Aug-2019 09:29:24.242 INFO [main] org.apache.catalina.startup.VersionLoggerListener.log Command line argument: -Djdk.tls.ephemeralDHKeySize=2048
16-Aug-2019 09:29:24.243 INFO [main] org.apache.catalina.startup.VersionLoggerListener.log Command line argument: -Djava.protocol.handler.pkgs=org.apache.catalina.webresources
16-Aug-2019 09:29:24.243 INFO [main] org.apache.catalina.startup.VersionLoggerListener.log Command line argument: -Dorg.apache.catalina.security.SecurityListener.UMASK=0027
16-Aug-2019 09:29:24.244 INFO [main] org.apache.catalina.startup.VersionLoggerListener.log Command line argument: -Xmx2g
16-Aug-2019 09:29:24.244 INFO [main] org.apache.catalina.startup.VersionLoggerListener.log Command line argument: -XX:ReservedCodeCacheSize=350m
16-Aug-2019 09:29:24.246 INFO [main] org.apache.catalina.startup.VersionLoggerListener.log Command line argument: -Dteamcity.configuration.path=../conf/teamcity-startup.properties
16-Aug-2019 09:29:24.247 INFO [main] org.apache.catalina.startup.VersionLoggerListener.log Command line argument: -Dlog4j.configuration=file:/opt/teamcity/bin/../conf/teamcity-server-log4j.xml
16-Aug-2019 09:29:24.249 INFO [main] org.apache.catalina.startup.VersionLoggerListener.log Command line argument: -Dteamcity_logs=/opt/teamcity/bin/../logs
16-Aug-2019 09:29:24.250 INFO [main] org.apache.catalina.startup.VersionLoggerListener.log Command line argument: -Djava.awt.headless=true
16-Aug-2019 09:29:24.250 INFO [main] org.apache.catalina.startup.VersionLoggerListener.log Command line argument: -Dignore.endorsed.dirs=
16-Aug-2019 09:29:24.250 INFO [main] org.apache.catalina.startup.VersionLoggerListener.log Command line argument: -Dcatalina.base=/opt/teamcity
16-Aug-2019 09:29:24.251 INFO [main] org.apache.catalina.startup.VersionLoggerListener.log Command line argument: -Dcatalina.home=/opt/teamcity
16-Aug-2019 09:29:24.255 INFO [main] org.apache.catalina.startup.VersionLoggerListener.log Command line argument: -Djava.io.tmpdir=/opt/teamcity/temp
16-Aug-2019 09:29:24.267 INFO [main] org.apache.catalina.core.AprLifecycleListener.lifecycleEvent The APR based Apache Tomcat Native library which allows optimal performance in production environments was not found on the java.library.path: [/usr/java/packages/lib/amd64:/usr/lib64:/lib64:/lib:/usr/lib]
16-Aug-2019 09:29:24.562 INFO [main] org.apache.coyote.AbstractProtocol.init Initializing ProtocolHandler ["http-nio-8111"]
16-Aug-2019 09:29:24.603 INFO [main] org.apache.tomcat.util.net.NioSelectorPool.getSharedSelector Using a shared selector for servlet write/read
16-Aug-2019 09:29:24.639 INFO [main] org.apache.catalina.startup.Catalina.load Initialization processed in 1937 ms
16-Aug-2019 09:29:24.792 INFO [main] org.apache.catalina.core.StandardService.startInternal Starting service [Catalina]
16-Aug-2019 09:29:24.799 INFO [main] org.apache.catalina.core.StandardEngine.startInternal Starting Servlet Engine: Apache Tomcat/8.5.40
16-Aug-2019 09:29:24.843 INFO [localhost-startStop-1] org.apache.catalina.startup.HostConfig.deployDirectory Deploying web application directory [/opt/teamcity/webapps/ROOT]
16-Aug-2019 09:29:59.158 INFO [localhost-startStop-1] org.apache.catalina.startup.HostConfig.deployDirectory Deployment of web application directory [/opt/teamcity/webapps/ROOT] has finished in [34,288] ms
16-Aug-2019 09:29:59.197 INFO [main] org.apache.coyote.AbstractProtocol.start Starting ProtocolHandler ["http-nio-8111"]
16-Aug-2019 09:29:59.485 INFO [main] org.apache.catalina.startup.Catalina.start Server startup in 34830 ms
16-Aug-2019 11:16:45.646 INFO [main] org.apache.catalina.core.StandardServer.await A valid shutdown command was received via the shutdown port. Stopping the Server instance.
16-Aug-2019 11:16:45.689 INFO [main] org.apache.coyote.AbstractProtocol.pause Pausing ProtocolHandler ["http-nio-8111"]
16-Aug-2019 11:16:46.044 INFO [main] org.apache.catalina.core.StandardService.stopInternal Stopping service [Catalina]
