14-Aug-2019 16:50:41.441 INFO [localhost-startStop-1] org.apache.catalina.core.ApplicationContext.log No Spring WebApplicationInitializer types detected on classpath
14-Aug-2019 16:50:43.092 INFO [localhost-startStop-1] org.apache.jasper.servlet.TldScanner.scanJars At least one JAR was scanned for TLDs yet contained no TLDs. Enable debug logging for this logger for a complete list of JARs that were scanned but no TLDs were found in them. Skipping unneeded JARs during scanning can improve startup time and JSP compilation time.
14-Aug-2019 16:50:44.963 WARNING [localhost-startStop-1] org.apache.catalina.util.SessionIdGeneratorBase.createSecureRandom Creation of SecureRandom instance for session ID generation using [SHA1PRNG] took [638] milliseconds.
14-Aug-2019 16:59:55.036 INFO [TC: 16:59:54 Stage: Initializing TeamCity server components; TeamCity Server (version 2019.1.2 build 66342 started 2019-08-14 16:50:45.643), node id: MAIN_SERVER] org.apache.catalina.core.ApplicationContext.log Initializing Spring FrameworkServlet 'buildServer'
14-Aug-2019 17:03:05.602 INFO [TC: 17:03:02 Initializing Jersey for plugin 'rest-api-2017.1'; REST API initializer 1] com.sun.jersey.server.impl.application.WebApplicationImpl._initiate Initiating Jersey application, version 'Jersey: 1.19 02/11/2015 03:25 AM'
14-Aug-2019 17:03:05.652 INFO [TC: 17:03:02 Initializing Jersey for plugin 'rest-api' via background initial initialization; REST API initializer for plugin 'rest-api' 1] com.sun.jersey.server.impl.application.WebApplicationImpl._initiate Initiating Jersey application, version 'Jersey: 1.19 02/11/2015 03:25 AM'
14-Aug-2019 17:03:05.707 INFO [TC: 17:03:02 Initializing Jersey for plugin 'rest-api-2017.2'; REST API initializer 1] com.sun.jersey.server.impl.application.WebApplicationImpl._initiate Initiating Jersey application, version 'Jersey: 1.19 02/11/2015 03:25 AM'
14-Aug-2019 17:03:11.021 INFO [TC: 17:03:02 Initializing Jersey for plugin 'rest-api-2017.2'; REST API initializer 1] com.sun.jersey.server.impl.application.DeferredResourceConfig$ApplicationHolder.<init> Instantiated the Application class jetbrains.buildServer.server.rest.jersey.ExtensionsAwareResourceConfig
14-Aug-2019 17:03:11.071 INFO [TC: 17:03:02 Initializing Jersey for plugin 'rest-api' via background initial initialization; REST API initializer for plugin 'rest-api' 1] com.sun.jersey.server.impl.application.DeferredResourceConfig$ApplicationHolder.<init> Instantiated the Application class jetbrains.buildServer.server.rest.jersey.ExtensionsAwareResourceConfig
14-Aug-2019 17:03:11.084 INFO [TC: 17:03:02 Initializing Jersey for plugin 'rest-api-2017.1'; REST API initializer 1] com.sun.jersey.server.impl.application.DeferredResourceConfig$ApplicationHolder.<init> Instantiated the Application class jetbrains.buildServer.server.rest.jersey.ExtensionsAwareResourceConfig
14-Aug-2019 17:03:22.834 INFO [TC: 17:03:02 Initializing Jersey for plugin 'rest-api-2017.1'; REST API initializer 1] com.sun.jersey.api.wadl.config.WadlGeneratorLoader.loadWadlGenerator Loading wadlGenerator com.sun.jersey.server.wadl.generators.WadlGeneratorApplicationDoc
14-Aug-2019 17:03:22.838 INFO [TC: 17:03:02 Initializing Jersey for plugin 'rest-api-2017.2'; REST API initializer 1] com.sun.jersey.api.wadl.config.WadlGeneratorLoader.loadWadlGenerator Loading wadlGenerator com.sun.jersey.server.wadl.generators.WadlGeneratorApplicationDoc
14-Aug-2019 17:03:22.966 INFO [TC: 17:03:02 Initializing Jersey for plugin 'rest-api-2017.1'; REST API initializer 1] com.sun.jersey.api.wadl.config.WadlGeneratorLoader.loadWadlGenerator Loading wadlGenerator jetbrains.buildServer.server.rest.jersey.WadlGenerator$PatchedWadlGenerator
14-Aug-2019 17:03:22.971 INFO [TC: 17:03:02 Initializing Jersey for plugin 'rest-api-2017.1'; REST API initializer 1] com.sun.jersey.api.wadl.config.WadlGeneratorLoader.loadWadlGenerator Loading wadlGenerator com.sun.jersey.server.wadl.generators.resourcedoc.WadlGeneratorResourceDocSupport
14-Aug-2019 17:03:23.050 INFO [TC: 17:03:02 Initializing Jersey for plugin 'rest-api-2017.2'; REST API initializer 1] com.sun.jersey.api.wadl.config.WadlGeneratorLoader.loadWadlGenerator Loading wadlGenerator jetbrains.buildServer.server.rest.jersey.WadlGenerator$PatchedWadlGenerator
14-Aug-2019 17:03:23.050 INFO [TC: 17:03:02 Initializing Jersey for plugin 'rest-api-2017.2'; REST API initializer 1] com.sun.jersey.api.wadl.config.WadlGeneratorLoader.loadWadlGenerator Loading wadlGenerator com.sun.jersey.server.wadl.generators.resourcedoc.WadlGeneratorResourceDocSupport
14-Aug-2019 17:03:23.210 INFO [TC: 17:03:02 Initializing Jersey for plugin 'rest-api' via background initial initialization; REST API initializer for plugin 'rest-api' 1] com.sun.jersey.api.wadl.config.WadlGeneratorLoader.loadWadlGenerator Loading wadlGenerator com.sun.jersey.server.wadl.generators.WadlGeneratorApplicationDoc
14-Aug-2019 17:03:23.327 INFO [TC: 17:03:02 Initializing Jersey for plugin 'rest-api' via background initial initialization; REST API initializer for plugin 'rest-api' 1] com.sun.jersey.api.wadl.config.WadlGeneratorLoader.loadWadlGenerator Loading wadlGenerator jetbrains.buildServer.server.rest.jersey.WadlGenerator$PatchedWadlGenerator
14-Aug-2019 17:03:23.333 INFO [TC: 17:03:02 Initializing Jersey for plugin 'rest-api' via background initial initialization; REST API initializer for plugin 'rest-api' 1] com.sun.jersey.api.wadl.config.WadlGeneratorLoader.loadWadlGenerator Loading wadlGenerator com.sun.jersey.server.wadl.generators.resourcedoc.WadlGeneratorResourceDocSupport
14-Aug-2019 17:10:33.704 INFO [localhost-startStop-1] org.apache.catalina.core.ApplicationContext.log No Spring WebApplicationInitializer types detected on classpath
14-Aug-2019 17:10:35.679 INFO [localhost-startStop-1] org.apache.jasper.servlet.TldScanner.scanJars At least one JAR was scanned for TLDs yet contained no TLDs. Enable debug logging for this logger for a complete list of JARs that were scanned but no TLDs were found in them. Skipping unneeded JARs during scanning can improve startup time and JSP compilation time.
14-Aug-2019 17:10:38.381 WARNING [localhost-startStop-1] org.apache.catalina.util.SessionIdGeneratorBase.createSecureRandom Creation of SecureRandom instance for session ID generation using [SHA1PRNG] took [168] milliseconds.
14-Aug-2019 17:10:51.621 INFO [TC: 17:10:51 Stage: Initializing TeamCity server components; TeamCity Server (version 2019.1.2 build 66342 started 2019-08-14 17:10:38.868), node id: MAIN_SERVER] org.apache.catalina.core.ApplicationContext.log Initializing Spring FrameworkServlet 'buildServer'
14-Aug-2019 17:14:57.082 INFO [TC: 17:14:53 Initializing Jersey for plugin 'rest-api-2017.1'; REST API initializer 1] com.sun.jersey.server.impl.application.WebApplicationImpl._initiate Initiating Jersey application, version 'Jersey: 1.19 02/11/2015 03:25 AM'
14-Aug-2019 17:14:57.086 INFO [TC: 17:14:53 Initializing Jersey for plugin 'rest-api-2017.2'; REST API initializer 1] com.sun.jersey.server.impl.application.WebApplicationImpl._initiate Initiating Jersey application, version 'Jersey: 1.19 02/11/2015 03:25 AM'
14-Aug-2019 17:14:57.212 INFO [TC: 17:14:53 Initializing Jersey for plugin 'rest-api' via background initial initialization; REST API initializer for plugin 'rest-api' 1] com.sun.jersey.server.impl.application.WebApplicationImpl._initiate Initiating Jersey application, version 'Jersey: 1.19 02/11/2015 03:25 AM'
14-Aug-2019 17:15:02.153 INFO [TC: 17:14:53 Initializing Jersey for plugin 'rest-api-2017.2'; REST API initializer 1] com.sun.jersey.server.impl.application.DeferredResourceConfig$ApplicationHolder.<init> Instantiated the Application class jetbrains.buildServer.server.rest.jersey.ExtensionsAwareResourceConfig
14-Aug-2019 17:15:02.280 INFO [TC: 17:14:53 Initializing Jersey for plugin 'rest-api-2017.1'; REST API initializer 1] com.sun.jersey.server.impl.application.DeferredResourceConfig$ApplicationHolder.<init> Instantiated the Application class jetbrains.buildServer.server.rest.jersey.ExtensionsAwareResourceConfig
14-Aug-2019 17:15:02.393 INFO [TC: 17:14:53 Initializing Jersey for plugin 'rest-api' via background initial initialization; REST API initializer for plugin 'rest-api' 1] com.sun.jersey.server.impl.application.DeferredResourceConfig$ApplicationHolder.<init> Instantiated the Application class jetbrains.buildServer.server.rest.jersey.ExtensionsAwareResourceConfig
14-Aug-2019 17:15:09.003 INFO [TC: 17:14:53 Initializing Jersey for plugin 'rest-api-2017.1'; REST API initializer 1] com.sun.jersey.api.wadl.config.WadlGeneratorLoader.loadWadlGenerator Loading wadlGenerator com.sun.jersey.server.wadl.generators.WadlGeneratorApplicationDoc
14-Aug-2019 17:15:09.044 INFO [TC: 17:14:53 Initializing Jersey for plugin 'rest-api-2017.1'; REST API initializer 1] com.sun.jersey.api.wadl.config.WadlGeneratorLoader.loadWadlGenerator Loading wadlGenerator jetbrains.buildServer.server.rest.jersey.WadlGenerator$PatchedWadlGenerator
14-Aug-2019 17:15:09.045 INFO [TC: 17:14:53 Initializing Jersey for plugin 'rest-api-2017.1'; REST API initializer 1] com.sun.jersey.api.wadl.config.WadlGeneratorLoader.loadWadlGenerator Loading wadlGenerator com.sun.jersey.server.wadl.generators.resourcedoc.WadlGeneratorResourceDocSupport
14-Aug-2019 17:15:09.078 INFO [TC: 17:14:53 Initializing Jersey for plugin 'rest-api-2017.2'; REST API initializer 1] com.sun.jersey.api.wadl.config.WadlGeneratorLoader.loadWadlGenerator Loading wadlGenerator com.sun.jersey.server.wadl.generators.WadlGeneratorApplicationDoc
14-Aug-2019 17:15:09.154 INFO [TC: 17:14:53 Initializing Jersey for plugin 'rest-api-2017.2'; REST API initializer 1] com.sun.jersey.api.wadl.config.WadlGeneratorLoader.loadWadlGenerator Loading wadlGenerator jetbrains.buildServer.server.rest.jersey.WadlGenerator$PatchedWadlGenerator
14-Aug-2019 17:15:09.154 INFO [TC: 17:14:53 Initializing Jersey for plugin 'rest-api-2017.2'; REST API initializer 1] com.sun.jersey.api.wadl.config.WadlGeneratorLoader.loadWadlGenerator Loading wadlGenerator com.sun.jersey.server.wadl.generators.resourcedoc.WadlGeneratorResourceDocSupport
14-Aug-2019 17:15:09.295 INFO [TC: 17:14:53 Initializing Jersey for plugin 'rest-api' via background initial initialization; REST API initializer for plugin 'rest-api' 1] com.sun.jersey.api.wadl.config.WadlGeneratorLoader.loadWadlGenerator Loading wadlGenerator com.sun.jersey.server.wadl.generators.WadlGeneratorApplicationDoc
14-Aug-2019 17:15:09.346 INFO [TC: 17:14:53 Initializing Jersey for plugin 'rest-api' via background initial initialization; REST API initializer for plugin 'rest-api' 1] com.sun.jersey.api.wadl.config.WadlGeneratorLoader.loadWadlGenerator Loading wadlGenerator jetbrains.buildServer.server.rest.jersey.WadlGenerator$PatchedWadlGenerator
14-Aug-2019 17:15:09.347 INFO [TC: 17:14:53 Initializing Jersey for plugin 'rest-api' via background initial initialization; REST API initializer for plugin 'rest-api' 1] com.sun.jersey.api.wadl.config.WadlGeneratorLoader.loadWadlGenerator Loading wadlGenerator com.sun.jersey.server.wadl.generators.resourcedoc.WadlGeneratorResourceDocSupport
14-Aug-2019 17:15:43.223 INFO [localhost-startStop-2] org.apache.catalina.core.StandardWrapper.unload Waiting for [2] instance(s) to be deallocated for Servlet [buildServer]
14-Aug-2019 17:15:44.356 INFO [TC: 17:15:44 Stage: TeamCity server is shutting down; TeamCity Server (version 2019.1.2 build 66342 started 2019-08-14 17:10:38.868), node id: MAIN_SERVER] org.apache.catalina.core.ApplicationContext.log Destroying Spring FrameworkServlet 'buildServer'
14-Aug-2019 17:16:17.930 INFO [localhost-startStop-1] org.apache.catalina.core.ApplicationContext.log No Spring WebApplicationInitializer types detected on classpath
14-Aug-2019 17:16:18.433 INFO [localhost-startStop-1] org.apache.jasper.servlet.TldScanner.scanJars At least one JAR was scanned for TLDs yet contained no TLDs. Enable debug logging for this logger for a complete list of JARs that were scanned but no TLDs were found in them. Skipping unneeded JARs during scanning can improve startup time and JSP compilation time.
14-Aug-2019 17:16:23.547 INFO [TC: 17:16:23 Stage: Initializing TeamCity server components; TeamCity Server (version 2019.1.2 build 66342 started 2019-08-14 17:16:19.633), node id: MAIN_SERVER] org.apache.catalina.core.ApplicationContext.log Initializing Spring FrameworkServlet 'buildServer'
14-Aug-2019 17:19:52.723 INFO [localhost-startStop-2] org.apache.catalina.core.StandardWrapper.unload Waiting for [2] instance(s) to be deallocated for Servlet [buildServer]
14-Aug-2019 17:19:53.739 INFO [localhost-startStop-2] org.apache.catalina.core.StandardWrapper.unload Waiting for [2] instance(s) to be deallocated for Servlet [buildServer]
14-Aug-2019 17:19:58.503 INFO [TC: 17:19:56 Initializing Jersey for plugin 'rest-api-2017.2'; REST API initializer 1] com.sun.jersey.server.impl.application.WebApplicationImpl._initiate Initiating Jersey application, version 'Jersey: 1.19 02/11/2015 03:25 AM'
14-Aug-2019 17:19:58.505 INFO [TC: 17:19:56 Initializing Jersey for plugin 'rest-api-2017.1'; REST API initializer 1] com.sun.jersey.server.impl.application.WebApplicationImpl._initiate Initiating Jersey application, version 'Jersey: 1.19 02/11/2015 03:25 AM'
14-Aug-2019 17:19:58.560 INFO [TC: 17:19:56 Initializing Jersey for plugin 'rest-api' via background initial initialization; REST API initializer for plugin 'rest-api' 1] com.sun.jersey.server.impl.application.WebApplicationImpl._initiate Initiating Jersey application, version 'Jersey: 1.19 02/11/2015 03:25 AM'
14-Aug-2019 17:20:20.847 INFO [localhost-startStop-1] org.apache.catalina.core.ApplicationContext.log No Spring WebApplicationInitializer types detected on classpath
14-Aug-2019 17:20:21.256 INFO [localhost-startStop-1] org.apache.jasper.servlet.TldScanner.scanJars At least one JAR was scanned for TLDs yet contained no TLDs. Enable debug logging for this logger for a complete list of JARs that were scanned but no TLDs were found in them. Skipping unneeded JARs during scanning can improve startup time and JSP compilation time.
14-Aug-2019 17:20:25.975 INFO [TC: 17:20:25 Stage: Initializing TeamCity server components; TeamCity Server (version 2019.1.2 build 66342 started 2019-08-14 17:20:22.298), node id: MAIN_SERVER] org.apache.catalina.core.ApplicationContext.log Initializing Spring FrameworkServlet 'buildServer'
14-Aug-2019 17:22:25.256 INFO [TC: 17:22:22 Initializing Jersey for plugin 'rest-api-2017.1'; REST API initializer 1] com.sun.jersey.server.impl.application.WebApplicationImpl._initiate Initiating Jersey application, version 'Jersey: 1.19 02/11/2015 03:25 AM'
14-Aug-2019 17:22:25.286 INFO [TC: 17:22:22 Initializing Jersey for plugin 'rest-api-2017.2'; REST API initializer 1] com.sun.jersey.server.impl.application.WebApplicationImpl._initiate Initiating Jersey application, version 'Jersey: 1.19 02/11/2015 03:25 AM'
14-Aug-2019 17:22:25.290 INFO [TC: 17:22:22 Initializing Jersey for plugin 'rest-api' via background initial initialization; REST API initializer for plugin 'rest-api' 1] com.sun.jersey.server.impl.application.WebApplicationImpl._initiate Initiating Jersey application, version 'Jersey: 1.19 02/11/2015 03:25 AM'
14-Aug-2019 17:22:28.228 INFO [TC: 17:22:22 Initializing Jersey for plugin 'rest-api-2017.1'; REST API initializer 1] com.sun.jersey.server.impl.application.DeferredResourceConfig$ApplicationHolder.<init> Instantiated the Application class jetbrains.buildServer.server.rest.jersey.ExtensionsAwareResourceConfig
14-Aug-2019 17:22:28.244 INFO [TC: 17:22:22 Initializing Jersey for plugin 'rest-api-2017.2'; REST API initializer 1] com.sun.jersey.server.impl.application.DeferredResourceConfig$ApplicationHolder.<init> Instantiated the Application class jetbrains.buildServer.server.rest.jersey.ExtensionsAwareResourceConfig
14-Aug-2019 17:22:28.433 INFO [TC: 17:22:22 Initializing Jersey for plugin 'rest-api' via background initial initialization; REST API initializer for plugin 'rest-api' 1] com.sun.jersey.server.impl.application.DeferredResourceConfig$ApplicationHolder.<init> Instantiated the Application class jetbrains.buildServer.server.rest.jersey.ExtensionsAwareResourceConfig
14-Aug-2019 17:22:33.604 INFO [TC: 17:22:22 Initializing Jersey for plugin 'rest-api-2017.1'; REST API initializer 1] com.sun.jersey.api.wadl.config.WadlGeneratorLoader.loadWadlGenerator Loading wadlGenerator com.sun.jersey.server.wadl.generators.WadlGeneratorApplicationDoc
14-Aug-2019 17:22:33.629 INFO [TC: 17:22:22 Initializing Jersey for plugin 'rest-api-2017.2'; REST API initializer 1] com.sun.jersey.api.wadl.config.WadlGeneratorLoader.loadWadlGenerator Loading wadlGenerator com.sun.jersey.server.wadl.generators.WadlGeneratorApplicationDoc
14-Aug-2019 17:22:33.658 INFO [TC: 17:22:22 Initializing Jersey for plugin 'rest-api-2017.1'; REST API initializer 1] com.sun.jersey.api.wadl.config.WadlGeneratorLoader.loadWadlGenerator Loading wadlGenerator jetbrains.buildServer.server.rest.jersey.WadlGenerator$PatchedWadlGenerator
14-Aug-2019 17:22:33.659 INFO [TC: 17:22:22 Initializing Jersey for plugin 'rest-api-2017.1'; REST API initializer 1] com.sun.jersey.api.wadl.config.WadlGeneratorLoader.loadWadlGenerator Loading wadlGenerator com.sun.jersey.server.wadl.generators.resourcedoc.WadlGeneratorResourceDocSupport
14-Aug-2019 17:22:33.674 INFO [TC: 17:22:22 Initializing Jersey for plugin 'rest-api-2017.2'; REST API initializer 1] com.sun.jersey.api.wadl.config.WadlGeneratorLoader.loadWadlGenerator Loading wadlGenerator jetbrains.buildServer.server.rest.jersey.WadlGenerator$PatchedWadlGenerator
14-Aug-2019 17:22:33.675 INFO [TC: 17:22:22 Initializing Jersey for plugin 'rest-api-2017.2'; REST API initializer 1] com.sun.jersey.api.wadl.config.WadlGeneratorLoader.loadWadlGenerator Loading wadlGenerator com.sun.jersey.server.wadl.generators.resourcedoc.WadlGeneratorResourceDocSupport
14-Aug-2019 17:22:33.720 INFO [TC: 17:22:22 Initializing Jersey for plugin 'rest-api' via background initial initialization; REST API initializer for plugin 'rest-api' 1] com.sun.jersey.api.wadl.config.WadlGeneratorLoader.loadWadlGenerator Loading wadlGenerator com.sun.jersey.server.wadl.generators.WadlGeneratorApplicationDoc
14-Aug-2019 17:22:33.751 INFO [TC: 17:22:22 Initializing Jersey for plugin 'rest-api' via background initial initialization; REST API initializer for plugin 'rest-api' 1] com.sun.jersey.api.wadl.config.WadlGeneratorLoader.loadWadlGenerator Loading wadlGenerator jetbrains.buildServer.server.rest.jersey.WadlGenerator$PatchedWadlGenerator
14-Aug-2019 17:22:33.759 INFO [TC: 17:22:22 Initializing Jersey for plugin 'rest-api' via background initial initialization; REST API initializer for plugin 'rest-api' 1] com.sun.jersey.api.wadl.config.WadlGeneratorLoader.loadWadlGenerator Loading wadlGenerator com.sun.jersey.server.wadl.generators.resourcedoc.WadlGeneratorResourceDocSupport
14-Aug-2019 20:21:14.609 INFO [TC: 20:21:12 Stage: TeamCity server is shutting down; TeamCity Server (version 2019.1.2 build 66342 started 2019-08-14 17:20:22.298), node id: MAIN_SERVER] org.apache.catalina.core.ApplicationContext.log Destroying Spring FrameworkServlet 'buildServer'
