16-Aug-2019 09:20:42.213 INFO [main] org.apache.catalina.startup.VersionLoggerListener.log Server version:        Apache Tomcat/8.5.40
16-Aug-2019 09:20:42.264 INFO [main] org.apache.catalina.startup.VersionLoggerListener.log Server built:          Apr 10 2019 14:31:19 UTC
16-Aug-2019 09:20:42.265 INFO [main] org.apache.catalina.startup.VersionLoggerListener.log Server number:         8.5.40.0
16-Aug-2019 09:20:42.265 INFO [main] org.apache.catalina.startup.VersionLoggerListener.log OS Name:               Linux
16-Aug-2019 09:20:42.267 INFO [main] org.apache.catalina.startup.VersionLoggerListener.log OS Version:            4.15.0-55-generic
16-Aug-2019 09:20:42.268 INFO [main] org.apache.catalina.startup.VersionLoggerListener.log Architecture:          amd64
16-Aug-2019 09:20:42.268 INFO [main] org.apache.catalina.startup.VersionLoggerListener.log Java Home:             /opt/java/openjdk/jre
16-Aug-2019 09:20:42.269 INFO [main] org.apache.catalina.startup.VersionLoggerListener.log JVM Version:           1.8.0_192-b12
16-Aug-2019 09:20:42.270 INFO [main] org.apache.catalina.startup.VersionLoggerListener.log JVM Vendor:            Oracle Corporation
16-Aug-2019 09:20:42.272 INFO [main] org.apache.catalina.startup.VersionLoggerListener.log CATALINA_BASE:         /opt/teamcity
16-Aug-2019 09:20:42.272 INFO [main] org.apache.catalina.startup.VersionLoggerListener.log CATALINA_HOME:         /opt/teamcity
16-Aug-2019 09:20:42.274 INFO [main] org.apache.catalina.startup.VersionLoggerListener.log Command line argument: -XX:+UnlockExperimentalVMOptions
16-Aug-2019 09:20:42.276 INFO [main] org.apache.catalina.startup.VersionLoggerListener.log Command line argument: -XX:+UseCGroupMemoryLimitForHeap
16-Aug-2019 09:20:42.277 INFO [main] org.apache.catalina.startup.VersionLoggerListener.log Command line argument: -Djava.util.logging.config.file=/opt/teamcity/conf/logging.properties
16-Aug-2019 09:20:42.279 INFO [main] org.apache.catalina.startup.VersionLoggerListener.log Command line argument: -Djava.util.logging.manager=org.apache.juli.ClassLoaderLogManager
16-Aug-2019 09:20:42.286 INFO [main] org.apache.catalina.startup.VersionLoggerListener.log Command line argument: -Djdk.tls.ephemeralDHKeySize=2048
16-Aug-2019 09:20:42.288 INFO [main] org.apache.catalina.startup.VersionLoggerListener.log Command line argument: -Djava.protocol.handler.pkgs=org.apache.catalina.webresources
16-Aug-2019 09:20:42.289 INFO [main] org.apache.catalina.startup.VersionLoggerListener.log Command line argument: -Dorg.apache.catalina.security.SecurityListener.UMASK=0027
16-Aug-2019 09:20:42.290 INFO [main] org.apache.catalina.startup.VersionLoggerListener.log Command line argument: -Xmx2g
16-Aug-2019 09:20:42.293 INFO [main] org.apache.catalina.startup.VersionLoggerListener.log Command line argument: -XX:ReservedCodeCacheSize=350m
16-Aug-2019 09:20:42.300 INFO [main] org.apache.catalina.startup.VersionLoggerListener.log Command line argument: -Dteamcity.configuration.path=../conf/teamcity-startup.properties
16-Aug-2019 09:20:42.302 INFO [main] org.apache.catalina.startup.VersionLoggerListener.log Command line argument: -Dlog4j.configuration=file:/opt/teamcity/bin/../conf/teamcity-server-log4j.xml
16-Aug-2019 09:20:42.305 INFO [main] org.apache.catalina.startup.VersionLoggerListener.log Command line argument: -Dteamcity_logs=/opt/teamcity/bin/../logs
16-Aug-2019 09:20:42.305 INFO [main] org.apache.catalina.startup.VersionLoggerListener.log Command line argument: -Djava.awt.headless=true
16-Aug-2019 09:20:42.306 INFO [main] org.apache.catalina.startup.VersionLoggerListener.log Command line argument: -Dignore.endorsed.dirs=
16-Aug-2019 09:20:42.310 INFO [main] org.apache.catalina.startup.VersionLoggerListener.log Command line argument: -Dcatalina.base=/opt/teamcity
16-Aug-2019 09:20:42.311 INFO [main] org.apache.catalina.startup.VersionLoggerListener.log Command line argument: -Dcatalina.home=/opt/teamcity
16-Aug-2019 09:20:42.312 INFO [main] org.apache.catalina.startup.VersionLoggerListener.log Command line argument: -Djava.io.tmpdir=/opt/teamcity/temp
16-Aug-2019 09:20:42.313 INFO [main] org.apache.catalina.core.AprLifecycleListener.lifecycleEvent The APR based Apache Tomcat Native library which allows optimal performance in production environments was not found on the java.library.path: [/usr/java/packages/lib/amd64:/usr/lib64:/lib64:/lib:/usr/lib]
16-Aug-2019 09:20:42.818 INFO [main] org.apache.coyote.AbstractProtocol.init Initializing ProtocolHandler ["http-nio-8111"]
16-Aug-2019 09:20:42.882 INFO [main] org.apache.tomcat.util.net.NioSelectorPool.getSharedSelector Using a shared selector for servlet write/read
16-Aug-2019 09:20:42.924 INFO [main] org.apache.catalina.startup.Catalina.load Initialization processed in 2535 ms
16-Aug-2019 09:20:43.032 INFO [main] org.apache.catalina.core.StandardService.startInternal Starting service [Catalina]
16-Aug-2019 09:20:43.036 INFO [main] org.apache.catalina.core.StandardEngine.startInternal Starting Servlet Engine: Apache Tomcat/8.5.40
16-Aug-2019 09:20:43.080 INFO [localhost-startStop-1] org.apache.catalina.startup.HostConfig.deployDirectory Deploying web application directory [/opt/teamcity/webapps/ROOT]
16-Aug-2019 09:21:37.704 INFO [localhost-startStop-1] org.apache.catalina.startup.HostConfig.deployDirectory Deployment of web application directory [/opt/teamcity/webapps/ROOT] has finished in [54,624] ms
16-Aug-2019 09:21:37.720 INFO [main] org.apache.coyote.AbstractProtocol.start Starting ProtocolHandler ["http-nio-8111"]
16-Aug-2019 09:21:37.775 INFO [main] org.apache.catalina.startup.Catalina.start Server startup in 54849 ms
16-Aug-2019 09:24:03.148 INFO [main] org.apache.catalina.core.StandardServer.await A valid shutdown command was received via the shutdown port. Stopping the Server instance.
16-Aug-2019 09:24:03.149 INFO [main] org.apache.coyote.AbstractProtocol.pause Pausing ProtocolHandler ["http-nio-8111"]
16-Aug-2019 09:24:03.393 INFO [main] org.apache.catalina.core.StandardService.stopInternal Stopping service [Catalina]
16-Aug-2019 09:24:03.453 WARNING [localhost-startStop-2] org.apache.catalina.loader.WebappClassLoaderBase.clearReferencesThreads The web application [ROOT] appears to have started a thread named [Change Observer 1] but has failed to stop it. This is very likely to create a memory leak. Stack trace of thread:
 sun.misc.Unsafe.park(Native Method)
 java.util.concurrent.locks.LockSupport.parkNanos(LockSupport.java:215)
 java.util.concurrent.locks.AbstractQueuedSynchronizer$ConditionObject.awaitNanos(AbstractQueuedSynchronizer.java:2078)
 java.util.concurrent.ScheduledThreadPoolExecutor$DelayedWorkQueue.take(ScheduledThreadPoolExecutor.java:1093)
 java.util.concurrent.ScheduledThreadPoolExecutor$DelayedWorkQueue.take(ScheduledThreadPoolExecutor.java:809)
 java.util.concurrent.ThreadPoolExecutor.getTask(ThreadPoolExecutor.java:1074)
 java.util.concurrent.ThreadPoolExecutor.runWorker(ThreadPoolExecutor.java:1134)
 java.util.concurrent.ThreadPoolExecutor$Worker.run(ThreadPoolExecutor.java:624)
 java.lang.Thread.run(Thread.java:748)
16-Aug-2019 09:24:03.655 SEVERE [localhost-startStop-2] org.apache.catalina.loader.WebappClassLoaderBase.checkThreadLocalMapForLeaks The web application [ROOT] created a ThreadLocal with key of type [java.lang.ThreadLocal] (value [java.lang.ThreadLocal@606538de]) and a value of type [jetbrains.buildServer.util.NamedThreadFactory$1] (value [jetbrains.buildServer.util.NamedThreadFactory$1@72865c7a]) but failed to remove it when the web application was stopped. Threads are going to be renewed over time to try and avoid a probable memory leak.
16-Aug-2019 09:24:03.656 SEVERE [localhost-startStop-2] org.apache.catalina.loader.WebappClassLoaderBase.checkThreadLocalMapForLeaks The web application [ROOT] created a ThreadLocal with key of type [jetbrains.buildServer.util.ThreadStat$1] (value [jetbrains.buildServer.util.ThreadStat$1@42843984]) and a value of type [jetbrains.buildServer.util.ThreadStatNoOp] (value [jetbrains.buildServer.util.ThreadStatNoOp@4a9932ca]) but failed to remove it when the web application was stopped. Threads are going to be renewed over time to try and avoid a probable memory leak.
16-Aug-2019 09:24:03.777 INFO [main] org.apache.coyote.AbstractProtocol.stop Stopping ProtocolHandler ["http-nio-8111"]
16-Aug-2019 09:24:03.788 INFO [main] org.apache.coyote.AbstractProtocol.destroy Destroying ProtocolHandler ["http-nio-8111"]
